<?xml version="1.0" encoding="UTF-8"?>
<testng-results ignored="0" total="2" passed="2" failed="0" skipped="0">
  <reporter-output>
    <line>
      <![CDATA[No of rows are::7]]>
    </line>
    <line>
      <![CDATA[No of rows are::7]]>
    </line>
    <line>
      <![CDATA[invalid credentials]]>
    </line>
    <line>
      <![CDATA[invalid credentials]]>
    </line>
    <line>
      <![CDATA[username cannot be empty]]>
    </line>
    <line>
      <![CDATA[invalid credentials]]>
    </line>
    <line>
      <![CDATA[invalid credentials]]>
    </line>
    <line>
      <![CDATA[username cannot be empty]]>
    </line>
    <line>
      <![CDATA[username cannot be empty]]>
    </line>
  </reporter-output>
  <suite started-at="2025-03-26T09:23:24 IST" name="DataDrivenFramework" finished-at="2025-03-26T09:23:56 IST" duration-ms="32447">
    <groups>
    </groups>
    <test started-at="2025-03-26T09:23:24 IST" name="ValidLogin" finished-at="2025-03-26T09:23:45 IST" duration-ms="21249">
      <class name="driverFactory.AdminLoginValidaData">
        <test-method is-config="true" signature="setUp()[pri:0, instance:driverFactory.AdminLoginValidaData@51399530]" started-at="2025-03-26T09:23:24 IST" name="setUp" finished-at="2025-03-26T09:23:28 IST" duration-ms="3802" status="PASS">
          <reporter-output>
          </reporter-output>
        </test-method> <!-- setUp -->
        <test-method signature="startTest()[pri:0, instance:driverFactory.AdminLoginValidaData@51399530]" started-at="2025-03-26T09:23:28 IST" name="startTest" finished-at="2025-03-26T09:23:44 IST" duration-ms="16721" status="PASS">
          <reporter-output>
            <line>
              <![CDATA[No of rows are::7]]>
            </line>
          </reporter-output>
        </test-method> <!-- startTest -->
        <test-method is-config="true" signature="tearDown()[pri:0, instance:driverFactory.AdminLoginValidaData@51399530]" started-at="2025-03-26T09:23:44 IST" name="tearDown" finished-at="2025-03-26T09:23:45 IST" duration-ms="618" status="PASS">
          <reporter-output>
          </reporter-output>
        </test-method> <!-- tearDown -->
      </class> <!-- driverFactory.AdminLoginValidaData -->
    </test> <!-- ValidLogin -->
    <test started-at="2025-03-26T09:23:45 IST" name="InvalidLogin" finished-at="2025-03-26T09:23:56 IST" duration-ms="11083">
      <class name="driverFactory.AdminLoginInvaliddata">
        <test-method is-config="true" signature="setUp()[pri:0, instance:driverFactory.AdminLoginInvaliddata@2362f559]" started-at="2025-03-26T09:23:45 IST" name="setUp" finished-at="2025-03-26T09:23:48 IST" duration-ms="2491" status="PASS">
          <reporter-output>
          </reporter-output>
        </test-method> <!-- setUp -->
        <test-method signature="startTest()[pri:0, instance:driverFactory.AdminLoginInvaliddata@2362f559]" started-at="2025-03-26T09:23:48 IST" name="startTest" finished-at="2025-03-26T09:23:56 IST" duration-ms="8069" status="PASS">
          <reporter-output>
            <line>
              <![CDATA[No of rows are::7]]>
            </line>
            <line>
              <![CDATA[invalid credentials]]>
            </line>
            <line>
              <![CDATA[invalid credentials]]>
            </line>
            <line>
              <![CDATA[username cannot be empty]]>
            </line>
            <line>
              <![CDATA[invalid credentials]]>
            </line>
            <line>
              <![CDATA[invalid credentials]]>
            </line>
            <line>
              <![CDATA[username cannot be empty]]>
            </line>
            <line>
              <![CDATA[username cannot be empty]]>
            </line>
          </reporter-output>
        </test-method> <!-- startTest -->
        <test-method is-config="true" signature="tearDown()[pri:0, instance:driverFactory.AdminLoginInvaliddata@2362f559]" started-at="2025-03-26T09:23:56 IST" name="tearDown" finished-at="2025-03-26T09:23:56 IST" duration-ms="513" status="PASS">
          <reporter-output>
          </reporter-output>
        </test-method> <!-- tearDown -->
      </class> <!-- driverFactory.AdminLoginInvaliddata -->
    </test> <!-- InvalidLogin -->
  </suite> <!-- DataDrivenFramework -->
</testng-results>
